<?xml version="1.0" encoding="UTF-8"?>
<testng-results skipped="0" failed="0" total="1" passed="1">
  <reporter-output>
  </reporter-output>
  <suite name="Default suite" duration-ms="21209" started-at="2019-03-26T19:28:31Z" finished-at="2019-03-26T19:28:52Z">
    <groups>
    </groups>
    <test name="Default test" duration-ms="21209" started-at="2019-03-26T19:28:31Z" finished-at="2019-03-26T19:28:52Z">
      <class name="Assignments.Assignment1">
        <test-method status="PASS" signature="Test()[pri:0, instance:Assignments.Assignment1@3bfdc050]" name="Test" duration-ms="21169" started-at="2019-03-27T00:58:31Z" finished-at="2019-03-27T00:58:52Z">
          <reporter-output>
          </reporter-output>
        </test-method> <!-- Test -->
      </class> <!-- Assignments.Assignment1 -->
    </test> <!-- Default test -->
  </suite> <!-- Default suite -->
</testng-results>
